[2019-04-16 21:50:30,105] DEBUG preRegister called. Server=com.sun.jmx.mbeanserver.JmxMBeanServer@66d3c617, name=log4j:logger=state.change.logger (state.change.logger)
[2019-04-16 21:51:32,051] TRACE [Controller id=0 epoch=8] Sending UpdateMetadata request PartitionState(controllerEpoch=1, leader=0, leaderEpoch=0, isr=[0], zkVersion=0, replicas=[0], offlineReplicas=[]) to brokers Set(0) for partition request_topic-0 (state.change.logger)
[2019-04-16 21:51:32,051] TRACE [Controller id=0 epoch=8] Sending UpdateMetadata request PartitionState(controllerEpoch=1, leader=0, leaderEpoch=0, isr=[0], zkVersion=0, replicas=[0], offlineReplicas=[]) to brokers Set(0) for partition response_topic-0 (state.change.logger)
[2019-04-16 21:51:32,119] TRACE [Controller id=0 epoch=8] Changed state of replica 0 for partition response_topic-0 from OnlineReplica to OnlineReplica (state.change.logger)
[2019-04-16 21:51:32,124] TRACE [Controller id=0 epoch=8] Changed state of replica 0 for partition request_topic-0 from OnlineReplica to OnlineReplica (state.change.logger)
[2019-04-16 21:51:32,125] TRACE [Controller id=0 epoch=8] Sending become-leader LeaderAndIsr request PartitionState(controllerEpoch=1, leader=0, leaderEpoch=0, isr=0, zkVersion=0, replicas=0, isNew=false) to broker 0 for partition request_topic-0 (state.change.logger)
[2019-04-16 21:51:32,125] TRACE [Controller id=0 epoch=8] Sending become-leader LeaderAndIsr request PartitionState(controllerEpoch=1, leader=0, leaderEpoch=0, isr=0, zkVersion=0, replicas=0, isNew=false) to broker 0 for partition response_topic-0 (state.change.logger)
[2019-04-16 21:51:32,136] TRACE [Controller id=0 epoch=8] Sending UpdateMetadata request PartitionState(controllerEpoch=1, leader=0, leaderEpoch=0, isr=[0], zkVersion=0, replicas=[0], offlineReplicas=[]) to brokers Set(0) for partition request_topic-0 (state.change.logger)
[2019-04-16 21:51:32,136] TRACE [Controller id=0 epoch=8] Sending UpdateMetadata request PartitionState(controllerEpoch=1, leader=0, leaderEpoch=0, isr=[0], zkVersion=0, replicas=[0], offlineReplicas=[]) to brokers Set(0) for partition response_topic-0 (state.change.logger)
[2019-04-16 21:51:32,223] TRACE [Broker id=0] Cached leader info PartitionState(controllerEpoch=1, leader=0, leaderEpoch=0, isr=[0], zkVersion=0, replicas=[0], offlineReplicas=[]) for partition response_topic-0 in response to UpdateMetadata request sent by controller 0 epoch 8 with correlation id 0 (state.change.logger)
[2019-04-16 21:51:32,223] TRACE [Broker id=0] Cached leader info PartitionState(controllerEpoch=1, leader=0, leaderEpoch=0, isr=[0], zkVersion=0, replicas=[0], offlineReplicas=[]) for partition request_topic-0 in response to UpdateMetadata request sent by controller 0 epoch 8 with correlation id 0 (state.change.logger)
[2019-04-16 21:51:32,233] TRACE [Controller id=0 epoch=8] Received response {error_code=0} for request UPDATE_METADATA with correlation id 0 sent to broker ip-10-0-0-121.us-west-1.compute.internal:9092 (id: 0 rack: null) (state.change.logger)
[2019-04-16 21:51:32,245] TRACE [Broker id=0] Received LeaderAndIsr request PartitionState(controllerEpoch=1, leader=0, leaderEpoch=0, isr=0, zkVersion=0, replicas=0, isNew=false) correlation id 1 from controller 0 epoch 8 for partition response_topic-0 (state.change.logger)
[2019-04-16 21:51:32,246] TRACE [Broker id=0] Received LeaderAndIsr request PartitionState(controllerEpoch=1, leader=0, leaderEpoch=0, isr=0, zkVersion=0, replicas=0, isNew=false) correlation id 1 from controller 0 epoch 8 for partition request_topic-0 (state.change.logger)
[2019-04-16 21:51:32,255] TRACE [Broker id=0] Handling LeaderAndIsr request correlationId 1 from controller 0 epoch 8 starting the become-leader transition for partition response_topic-0 (state.change.logger)
[2019-04-16 21:51:32,255] TRACE [Broker id=0] Handling LeaderAndIsr request correlationId 1 from controller 0 epoch 8 starting the become-leader transition for partition request_topic-0 (state.change.logger)
[2019-04-16 21:51:32,291] TRACE [Broker id=0] Stopped fetchers as part of become-leader request from controller 0 epoch 8 with correlation id 1 for partition response_topic-0 (last update controller epoch 1) (state.change.logger)
[2019-04-16 21:51:32,301] TRACE [Broker id=0] Stopped fetchers as part of become-leader request from controller 0 epoch 8 with correlation id 1 for partition request_topic-0 (last update controller epoch 1) (state.change.logger)
[2019-04-16 21:51:32,302] TRACE [Broker id=0] Completed LeaderAndIsr request correlationId 1 from controller 0 epoch 8 for the become-leader transition for partition response_topic-0 (state.change.logger)
[2019-04-16 21:51:32,302] TRACE [Broker id=0] Completed LeaderAndIsr request correlationId 1 from controller 0 epoch 8 for the become-leader transition for partition request_topic-0 (state.change.logger)
[2019-04-16 21:51:32,317] TRACE [Controller id=0 epoch=8] Received response {error_code=0,partitions=[{topic=response_topic,partition=0,error_code=0},{topic=request_topic,partition=0,error_code=0}]} for request LEADER_AND_ISR with correlation id 1 sent to broker ip-10-0-0-121.us-west-1.compute.internal:9092 (id: 0 rack: null) (state.change.logger)
[2019-04-16 21:51:32,321] TRACE [Broker id=0] Cached leader info PartitionState(controllerEpoch=1, leader=0, leaderEpoch=0, isr=[0], zkVersion=0, replicas=[0], offlineReplicas=[]) for partition response_topic-0 in response to UpdateMetadata request sent by controller 0 epoch 8 with correlation id 2 (state.change.logger)
[2019-04-16 21:51:32,321] TRACE [Broker id=0] Cached leader info PartitionState(controllerEpoch=1, leader=0, leaderEpoch=0, isr=[0], zkVersion=0, replicas=[0], offlineReplicas=[]) for partition request_topic-0 in response to UpdateMetadata request sent by controller 0 epoch 8 with correlation id 2 (state.change.logger)
[2019-04-16 21:51:32,322] TRACE [Controller id=0 epoch=8] Received response {error_code=0} for request UPDATE_METADATA with correlation id 2 sent to broker ip-10-0-0-121.us-west-1.compute.internal:9092 (id: 0 rack: null) (state.change.logger)
